0 verbose cli /data/data/com.termux/files/usr/bin/node /data/data/com.termux/files/usr/bin/npm
1 info using npm@10.8.2
2 info using node@v22.8.0
3 silly config load:file:/data/data/com.termux/files/usr/lib/node_modules/npm/npmrc
4 silly config load:file:/data/data/com.termux/files/home/node-tolol/.npmrc
5 silly config load:file:/data/data/com.termux/files/home/.npmrc
6 silly config load:file:/data/data/com.termux/files/usr/etc/npmrc
7 verbose title npm init
8 verbose argv "init" "--yes"
9 verbose logfile logs-max:10 dir:/data/data/com.termux/files/home/.npm/_logs/2024-09-13T12_44_22_048Z-
10 verbose logfile /data/data/com.termux/files/home/.npm/_logs/2024-09-13T12_44_22_048Z-debug-0.log
11 silly logfile done cleaning log files
12 silly package data {
12 silly package data   name: 'tolol',
12 silly package data   version: '1.0.0',
12 silly package data   main: 'index.js',
12 silly package data   scripts: { test: 'echo "Error: no test specified" && exit 1' },
12 silly package data   keywords: [],
12 silly package data   author: '',
12 silly package data   license: 'ISC',
12 silly package data   description: ''
12 silly package data }
13 verbose cwd /data/data/com.termux/files/home/node-tolol
14 verbose os Linux 4.4.177-21848546
15 verbose node v22.8.0
16 verbose npm  v10.8.2
17 verbose exit 0
18 info ok
